<?xml version="1.0" encoding="UTF-8"?>
<testng-results skipped="0" failed="0" ignored="0" total="1" passed="1">
  <reporter-output>
  </reporter-output>
  <suite name="Sample test Suite" duration-ms="46" started-at="2018-07-14T02:45:18Z" finished-at="2018-07-14T02:45:19Z">
    <groups>
    </groups>
    <test name="Sample test" duration-ms="46" started-at="2018-07-14T02:45:18Z" finished-at="2018-07-14T02:45:19Z">
      <class name="com.abp.TestNGTest.CheckAnno">
        <test-method status="PASS" signature="m1()[pri:0, instance:com.abp.TestNGTest.CheckAnno@5ae9a829]" name="m1" duration-ms="11" started-at="2018-07-14T02:45:19Z" finished-at="2018-07-14T02:45:19Z">
          <reporter-output>
          </reporter-output>
        </test-method> <!-- m1 -->
      </class> <!-- com.abp.TestNGTest.CheckAnno -->
    </test> <!-- Sample test -->
  </suite> <!-- Sample test Suite -->
</testng-results>
